[2026-02-28T23:26:51.241Z] Monitoring started for 1 target(s) across 3 platform(s)
[2026-02-28T23:26:51.243Z] DEAL FOUND: Apple Mac Mini M1 8GB 256GB SSD - good Condition on ebay for $340 (target: $400)
[2026-02-28T23:26:51.244Z] DEAL FOUND: Mac Mini M1 8GB 512GB SSD - Used on ebay for $288 (target: $400)
[2026-02-28T23:26:52.247Z] DEAL FOUND: Mac Mini M1 8GB 256GB - Certified Refurbished on backmarket for $360 (target: $400)
[2026-02-28T23:26:54.254Z] DEAL FOUND: Mac Mini M1 8GB 256GB - mint condition on swappa for $320 (target: $400)
[2026-02-28T23:26:54.255Z] DEAL FOUND: Mac Mini M1 16GB 512GB SSD on swappa for $380 (target: $400)
[2026-02-28T23:26:55.758Z] Scan complete: 7 listings found across 3 platforms
[2026-02-28T23:28:08.420Z] Monitoring started for 1 target(s) across 3 platform(s)
[2026-02-28T23:28:08.425Z] DEAL FOUND: Apple Mac Mini M1 8GB 256GB SSD - good Condition on ebay for $340 (target: $400)
[2026-02-28T23:28:08.427Z] DEAL FOUND: Mac Mini M1 8GB 512GB SSD - Used on ebay for $288 (target: $400)
[2026-02-28T23:28:09.429Z] DEAL FOUND: Mac Mini M1 8GB 256GB - Certified Refurbished on backmarket for $360 (target: $400)
[2026-02-28T23:28:11.433Z] DEAL FOUND: Mac Mini M1 8GB 256GB - mint condition on swappa for $320 (target: $400)
[2026-02-28T23:28:11.434Z] DEAL FOUND: Mac Mini M1 16GB 512GB SSD on swappa for $380 (target: $400)
[2026-02-28T23:28:12.937Z] Scan complete: 7 listings found across 3 platforms
[2026-03-10T00:53:20.133Z] Monitoring started for 1 target(s) across 3 platform(s)
[2026-03-10T00:53:20.137Z] DEAL FOUND: Apple Mac Mini M1 8GB 256GB SSD - good Condition on ebay for $340 (target: $400)
[2026-03-10T00:53:20.139Z] DEAL FOUND: Mac Mini M1 8GB 512GB SSD - Used on ebay for $288 (target: $400)
[2026-03-10T00:53:21.141Z] DEAL FOUND: Mac Mini M1 8GB 256GB - Certified Refurbished on backmarket for $360 (target: $400)
[2026-03-10T00:53:23.143Z] DEAL FOUND: Mac Mini M1 8GB 256GB - mint condition on swappa for $320 (target: $400)
[2026-03-10T00:53:23.145Z] DEAL FOUND: Mac Mini M1 16GB 512GB SSD on swappa for $380 (target: $400)
[2026-03-10T00:53:24.647Z] Scan complete: 7 listings found across 3 platforms
[2026-03-10T00:53:24.730Z] Monitoring started for 1 target(s) across 3 platform(s)
[2026-03-10T00:53:24.733Z] DEAL FOUND: Apple Mac Mini M1 8GB 256GB SSD - good Condition on ebay for $340 (target: $400)
[2026-03-10T00:53:24.734Z] DEAL FOUND: Mac Mini M1 8GB 512GB SSD - Used on ebay for $288 (target: $400)
[2026-03-10T00:53:25.736Z] DEAL FOUND: Mac Mini M1 8GB 256GB - Certified Refurbished on backmarket for $360 (target: $400)
[2026-03-10T00:53:27.738Z] DEAL FOUND: Mac Mini M1 8GB 256GB - mint condition on swappa for $320 (target: $400)
[2026-03-10T00:53:27.739Z] DEAL FOUND: Mac Mini M1 16GB 512GB SSD on swappa for $380 (target: $400)
[2026-03-10T00:53:29.240Z] Scan complete: 7 listings found across 3 platforms
